<?xml version="1.0" encoding="UTF-8"?>
<coverage generated="1593695842137" clover="3.2.0">
  <project timestamp="1593695842137" name="All files">
    <metrics statements="49" coveredstatements="48" conditionals="17" coveredconditionals="15" methods="25" coveredmethods="24" elements="91" coveredelements="87" complexity="0" loc="49" ncloc="49" packages="1" files="7" classes="7"/>
    <file name="AddTodo.tsx" path="C:\Users\marko\repos\courses-exercises\react_todolist\react_todolist\src\AddTodo.tsx">
      <metrics statements="7" coveredstatements="7" conditionals="0" coveredconditionals="0" methods="3" coveredmethods="3"/>
      <line num="7" count="1" type="stmt"/>
      <line num="8" count="16" type="stmt"/>
      <line num="9" count="16" type="stmt"/>
      <line num="12" count="3" type="stmt"/>
      <line num="13" count="3" type="stmt"/>
      <line num="14" count="3" type="stmt"/>
      <line num="21" count="3" type="stmt"/>
    </file>
    <file name="LoadFromApi.tsx" path="C:\Users\marko\repos\courses-exercises\react_todolist\react_todolist\src\LoadFromApi.tsx">
      <metrics statements="2" coveredstatements="2" conditionals="2" coveredconditionals="2" methods="1" coveredmethods="1"/>
      <line num="8" count="1" type="stmt"/>
      <line num="9" count="13" type="stmt"/>
    </file>
    <file name="Stats.tsx" path="C:\Users\marko\repos\courses-exercises\react_todolist\react_todolist\src\Stats.tsx">
      <metrics statements="3" coveredstatements="3" conditionals="0" coveredconditionals="0" methods="2" coveredmethods="2"/>
      <line num="8" count="1" type="stmt"/>
      <line num="9" count="13" type="stmt"/>
      <line num="10" count="13" type="stmt"/>
    </file>
    <file name="TodoApp.tsx" path="C:\Users\marko\repos\courses-exercises\react_todolist\react_todolist\src\TodoApp.tsx">
      <metrics statements="3" coveredstatements="3" conditionals="0" coveredconditionals="0" methods="1" coveredmethods="1"/>
      <line num="10" count="1" type="stmt"/>
      <line num="18" count="13" type="stmt"/>
      <line num="19" count="13" type="stmt"/>
    </file>
    <file name="TodoItem.tsx" path="C:\Users\marko\repos\courses-exercises\react_todolist\react_todolist\src\TodoItem.tsx">
      <metrics statements="5" coveredstatements="5" conditionals="6" coveredconditionals="6" methods="1" coveredmethods="1"/>
      <line num="12" count="2" type="stmt"/>
      <line num="13" count="10" type="stmt"/>
      <line num="14" count="10" type="cond" truecount="2" falsecount="0"/>
      <line num="15" count="4" type="stmt"/>
      <line num="17" count="10" type="stmt"/>
    </file>
    <file name="TodoList.tsx" path="C:\Users\marko\repos\courses-exercises\react_todolist\react_todolist\src\TodoList.tsx">
      <metrics statements="5" coveredstatements="5" conditionals="0" coveredconditionals="0" methods="4" coveredmethods="4"/>
      <line num="13" count="1" type="stmt"/>
      <line num="14" count="13" type="stmt"/>
      <line num="17" count="8" type="stmt"/>
      <line num="21" count="2" type="stmt"/>
      <line num="22" count="1" type="stmt"/>
    </file>
    <file name="useTodos.ts" path="C:\Users\marko\repos\courses-exercises\react_todolist\react_todolist\src\useTodos.ts">
      <metrics statements="24" coveredstatements="23" conditionals="9" coveredconditionals="7" methods="13" coveredmethods="12"/>
      <line num="16" count="1" type="stmt"/>
      <line num="17" count="7" type="cond" truecount="4" falsecount="1"/>
      <line num="19" count="3" type="stmt"/>
      <line num="20" count="3" type="stmt"/>
      <line num="22" count="2" type="stmt"/>
      <line num="23" count="1" type="cond" truecount="1" falsecount="1"/>
      <line num="28" count="1" type="stmt"/>
      <line num="30" count="1" type="stmt"/>
      <line num="32" count="0" type="stmt"/>
      <line num="43" count="1" type="stmt"/>
      <line num="44" count="13" type="stmt"/>
      <line num="45" count="13" type="stmt"/>
      <line num="46" count="13" type="stmt"/>
      <line num="47" count="7" type="cond" truecount="2" falsecount="0"/>
      <line num="48" count="1" type="stmt"/>
      <line num="49" count="1" type="stmt"/>
      <line num="51" count="2" type="stmt"/>
      <line num="56" count="1" type="stmt"/>
      <line num="57" count="1" type="stmt"/>
      <line num="62" count="13" type="stmt"/>
      <line num="65" count="1" type="stmt"/>
      <line num="67" count="3" type="stmt"/>
      <line num="69" count="1" type="stmt"/>
      <line num="71" count="2" type="stmt"/>
    </file>
  </project>
</coverage>
