{"C:\\Users\\marko\\repos\\courses-exercises\\react_todolist\\react_todolist\\src\\AddTodo.tsx": {"path":"C:\\Users\\marko\\repos\\courses-exercises\\react_todolist\\react_todolist\\src\\AddTodo.tsx","statementMap":{"0":{"start":{"line":7,"column":16},"end":{"line":27,"column":1}},"1":{"start":{"line":8,"column":34},"end":{"line":8,"column":46}},"2":{"start":{"line":9,"column":2},"end":{"line":26,"column":4}},"3":{"start":{"line":12,"column":8},"end":{"line":12,"column":31}},"4":{"start":{"line":13,"column":8},"end":{"line":13,"column":34}},"5":{"start":{"line":14,"column":8},"end":{"line":14,"column":24}},"6":{"start":{"line":21,"column":31},"end":{"line":21,"column":62}}},"fnMap":{"0":{"name":"(anonymous_0)","decl":{"start":{"line":7,"column":16},"end":{"line":7,"column":17}},"loc":{"start":{"line":7,"column":34},"end":{"line":27,"column":1}},"line":7},"1":{"name":"(anonymous_1)","decl":{"start":{"line":11,"column":16},"end":{"line":11,"column":17}},"loc":{"start":{"line":11,"column":27},"end":{"line":15,"column":7}},"line":11},"2":{"name":"(anonymous_2)","decl":{"start":{"line":21,"column":20},"end":{"line":21,"column":21}},"loc":{"start":{"line":21,"column":31},"end":{"line":21,"column":62}},"line":21}},"branchMap":{},"s":{"0":1,"1":16,"2":16,"3":3,"4":3,"5":3,"6":3},"f":{"0":16,"1":3,"2":3},"b":{},"_coverageSchema":"43e27e138ebf9cfc5966b082cf9a028302ed4184","hash":"999959ec3f1f2be7f2b3551be98143394b3de75d"}
,"C:\\Users\\marko\\repos\\courses-exercises\\react_todolist\\react_todolist\\src\\LoadFromApi.tsx": {"path":"C:\\Users\\marko\\repos\\courses-exercises\\react_todolist\\react_todolist\\src\\LoadFromApi.tsx","statementMap":{"0":{"start":{"line":8,"column":20},"end":{"line":15,"column":1}},"1":{"start":{"line":9,"column":2},"end":{"line":14,"column":8}}},"fnMap":{"0":{"name":"(anonymous_0)","decl":{"start":{"line":8,"column":20},"end":{"line":8,"column":21}},"loc":{"start":{"line":9,"column":2},"end":{"line":14,"column":8}},"line":9}},"branchMap":{"0":{"loc":{"start":{"line":13,"column":5},"end":{"line":13,"column":42}},"type":"cond-expr","locations":[{"start":{"line":13,"column":23},"end":{"line":13,"column":35}},{"start":{"line":13,"column":38},"end":{"line":13,"column":42}}],"line":13}},"s":{"0":1,"1":13},"f":{"0":13},"b":{"0":[2,11]},"_coverageSchema":"43e27e138ebf9cfc5966b082cf9a028302ed4184","hash":"fc9ca79f16a694fa69d1e6de03e8ec3eba0cab14"}
,"C:\\Users\\marko\\repos\\courses-exercises\\react_todolist\\react_todolist\\src\\Stats.tsx": {"path":"C:\\Users\\marko\\repos\\courses-exercises\\react_todolist\\react_todolist\\src\\Stats.tsx","statementMap":{"0":{"start":{"line":8,"column":14},"end":{"line":16,"column":1}},"1":{"start":{"line":9,"column":24},"end":{"line":9,"column":76}},"2":{"start":{"line":9,"column":53},"end":{"line":9,"column":68}},"3":{"start":{"line":10,"column":2},"end":{"line":15,"column":4}}},"fnMap":{"0":{"name":"(anonymous_0)","decl":{"start":{"line":8,"column":14},"end":{"line":8,"column":15}},"loc":{"start":{"line":8,"column":32},"end":{"line":16,"column":1}},"line":8},"1":{"name":"(anonymous_1)","decl":{"start":{"line":9,"column":43},"end":{"line":9,"column":44}},"loc":{"start":{"line":9,"column":53},"end":{"line":9,"column":68}},"line":9}},"branchMap":{},"s":{"0":1,"1":13,"2":8,"3":13},"f":{"0":13,"1":8},"b":{},"_coverageSchema":"43e27e138ebf9cfc5966b082cf9a028302ed4184","hash":"02d9b035e740a6ea9cf52bafdd2c4ce56b09f179"}
,"C:\\Users\\marko\\repos\\courses-exercises\\react_todolist\\react_todolist\\src\\TodoApp.tsx": {"path":"C:\\Users\\marko\\repos\\courses-exercises\\react_todolist\\react_todolist\\src\\TodoApp.tsx","statementMap":{"0":{"start":{"line":10,"column":16},"end":{"line":28,"column":1}},"1":{"start":{"line":18,"column":6},"end":{"line":18,"column":16}},"2":{"start":{"line":19,"column":2},"end":{"line":27,"column":4}}},"fnMap":{"0":{"name":"(anonymous_0)","decl":{"start":{"line":10,"column":16},"end":{"line":10,"column":17}},"loc":{"start":{"line":10,"column":22},"end":{"line":28,"column":1}},"line":10}},"branchMap":{},"s":{"0":1,"1":13,"2":13},"f":{"0":13},"b":{},"_coverageSchema":"43e27e138ebf9cfc5966b082cf9a028302ed4184","hash":"fdaed1d9b22bf1e0aac1cea291735d5106b20dfe"}
,"C:\\Users\\marko\\repos\\courses-exercises\\react_todolist\\react_todolist\\src\\TodoItem.tsx": {"path":"C:\\Users\\marko\\repos\\courses-exercises\\react_todolist\\react_todolist\\src\\TodoItem.tsx","statementMap":{"0":{"start":{"line":12,"column":17},"end":{"line":25,"column":1}},"1":{"start":{"line":13,"column":18},"end":{"line":13,"column":29}},"2":{"start":{"line":14,"column":2},"end":{"line":16,"column":3}},"3":{"start":{"line":15,"column":4},"end":{"line":15,"column":30}},"4":{"start":{"line":17,"column":2},"end":{"line":24,"column":4}}},"fnMap":{"0":{"name":"(anonymous_0)","decl":{"start":{"line":12,"column":17},"end":{"line":12,"column":18}},"loc":{"start":{"line":12,"column":35},"end":{"line":25,"column":1}},"line":12}},"branchMap":{"0":{"loc":{"start":{"line":14,"column":2},"end":{"line":16,"column":3}},"type":"if","locations":[{"start":{"line":14,"column":2},"end":{"line":16,"column":3}},{"start":{"line":14,"column":2},"end":{"line":16,"column":3}}],"line":14},"1":{"loc":{"start":{"line":19,"column":23},"end":{"line":19,"column":72}},"type":"cond-expr","locations":[{"start":{"line":19,"column":41},"end":{"line":19,"column":67}},{"start":{"line":19,"column":70},"end":{"line":19,"column":72}}],"line":19},"2":{"loc":{"start":{"line":20,"column":9},"end":{"line":20,"column":42}},"type":"cond-expr","locations":[{"start":{"line":20,"column":27},"end":{"line":20,"column":33}},{"start":{"line":20,"column":36},"end":{"line":20,"column":42}}],"line":20}},"s":{"0":2,"1":10,"2":10,"3":4,"4":10},"f":{"0":10},"b":{"0":[4,6],"1":[4,6],"2":[4,6]},"_coverageSchema":"43e27e138ebf9cfc5966b082cf9a028302ed4184","hash":"334cba57307ee79b5111dcbe2d14e6047caee14f"}
,"C:\\Users\\marko\\repos\\courses-exercises\\react_todolist\\react_todolist\\src\\TodoList.tsx": {"path":"C:\\Users\\marko\\repos\\courses-exercises\\react_todolist\\react_todolist\\src\\TodoList.tsx","statementMap":{"0":{"start":{"line":13,"column":17},"end":{"line":27,"column":1}},"1":{"start":{"line":14,"column":2},"end":{"line":26,"column":4}},"2":{"start":{"line":17,"column":8},"end":{"line":23,"column":10}},"3":{"start":{"line":21,"column":26},"end":{"line":21,"column":49}},"4":{"start":{"line":22,"column":26},"end":{"line":22,"column":49}}},"fnMap":{"0":{"name":"(anonymous_0)","decl":{"start":{"line":13,"column":17},"end":{"line":13,"column":18}},"loc":{"start":{"line":13,"column":35},"end":{"line":27,"column":1}},"line":13},"1":{"name":"(anonymous_1)","decl":{"start":{"line":16,"column":23},"end":{"line":16,"column":24}},"loc":{"start":{"line":17,"column":8},"end":{"line":23,"column":10}},"line":17},"2":{"name":"(anonymous_2)","decl":{"start":{"line":21,"column":20},"end":{"line":21,"column":21}},"loc":{"start":{"line":21,"column":26},"end":{"line":21,"column":49}},"line":21},"3":{"name":"(anonymous_3)","decl":{"start":{"line":22,"column":20},"end":{"line":22,"column":21}},"loc":{"start":{"line":22,"column":26},"end":{"line":22,"column":49}},"line":22}},"branchMap":{},"s":{"0":1,"1":13,"2":8,"3":2,"4":1},"f":{"0":13,"1":8,"2":2,"3":1},"b":{},"_coverageSchema":"43e27e138ebf9cfc5966b082cf9a028302ed4184","hash":"4627d39251588c3c528307889c999255d08bcd2c"}
,"C:\\Users\\marko\\repos\\courses-exercises\\react_todolist\\react_todolist\\src\\useTodos.ts": {"path":"C:\\Users\\marko\\repos\\courses-exercises\\react_todolist\\react_todolist\\src\\useTodos.ts","statementMap":{"0":{"start":{"line":16,"column":21},"end":{"line":34,"column":1}},"1":{"start":{"line":17,"column":2},"end":{"line":33,"column":3}},"2":{"start":{"line":19,"column":20},"end":{"line":19,"column":62}},"3":{"start":{"line":19,"column":52},"end":{"line":19,"column":56}},"4":{"start":{"line":20,"column":6},"end":{"line":20,"column":80}},"5":{"start":{"line":22,"column":6},"end":{"line":26,"column":8}},"6":{"start":{"line":23,"column":8},"end":{"line":25,"column":16}},"7":{"start":{"line":28,"column":6},"end":{"line":28,"column":64}},"8":{"start":{"line":28,"column":36},"end":{"line":28,"column":62}},"9":{"start":{"line":30,"column":6},"end":{"line":30,"column":28}},"10":{"start":{"line":32,"column":6},"end":{"line":32,"column":19}},"11":{"start":{"line":43,"column":17},"end":{"line":73,"column":1}},"12":{"start":{"line":44,"column":33},"end":{"line":44,"column":61}},"13":{"start":{"line":45,"column":36},"end":{"line":45,"column":51}},"14":{"start":{"line":46,"column":2},"end":{"line":60,"column":18}},"15":{"start":{"line":47,"column":4},"end":{"line":59,"column":5}},"16":{"start":{"line":48,"column":6},"end":{"line":58,"column":11}},"17":{"start":{"line":49,"column":23},"end":{"line":49,"column":33}},"18":{"start":{"line":51,"column":24},"end":{"line":55,"column":13}},"19":{"start":{"line":51,"column":51},"end":{"line":55,"column":11}},"20":{"start":{"line":56,"column":10},"end":{"line":56,"column":62}},"21":{"start":{"line":57,"column":10},"end":{"line":57,"column":30}},"22":{"start":{"line":62,"column":2},"end":{"line":72,"column":4}},"23":{"start":{"line":65,"column":23},"end":{"line":65,"column":41}},"24":{"start":{"line":67,"column":6},"end":{"line":67,"column":56}},"25":{"start":{"line":69,"column":6},"end":{"line":69,"column":56}},"26":{"start":{"line":71,"column":6},"end":{"line":71,"column":56}}},"fnMap":{"0":{"name":"(anonymous_0)","decl":{"start":{"line":16,"column":21},"end":{"line":16,"column":22}},"loc":{"start":{"line":16,"column":65},"end":{"line":34,"column":1}},"line":16},"1":{"name":"(anonymous_1)","decl":{"start":{"line":19,"column":45},"end":{"line":19,"column":46}},"loc":{"start":{"line":19,"column":52},"end":{"line":19,"column":56}},"line":19},"2":{"name":"(anonymous_2)","decl":{"start":{"line":22,"column":23},"end":{"line":22,"column":24}},"loc":{"start":{"line":23,"column":8},"end":{"line":25,"column":16}},"line":23},"3":{"name":"(anonymous_3)","decl":{"start":{"line":28,"column":26},"end":{"line":28,"column":27}},"loc":{"start":{"line":28,"column":36},"end":{"line":28,"column":62}},"line":28},"4":{"name":"(anonymous_4)","decl":{"start":{"line":43,"column":17},"end":{"line":43,"column":18}},"loc":{"start":{"line":43,"column":23},"end":{"line":73,"column":1}},"line":43},"5":{"name":"(anonymous_5)","decl":{"start":{"line":46,"column":12},"end":{"line":46,"column":13}},"loc":{"start":{"line":46,"column":18},"end":{"line":60,"column":3}},"line":46},"6":{"name":"(anonymous_6)","decl":{"start":{"line":49,"column":14},"end":{"line":49,"column":15}},"loc":{"start":{"line":49,"column":23},"end":{"line":49,"column":33}},"line":49},"7":{"name":"(anonymous_7)","decl":{"start":{"line":50,"column":14},"end":{"line":50,"column":15}},"loc":{"start":{"line":50,"column":44},"end":{"line":58,"column":9}},"line":50},"8":{"name":"(anonymous_8)","decl":{"start":{"line":51,"column":37},"end":{"line":51,"column":38}},"loc":{"start":{"line":51,"column":51},"end":{"line":55,"column":11}},"line":51},"9":{"name":"(anonymous_9)","decl":{"start":{"line":65,"column":17},"end":{"line":65,"column":18}},"loc":{"start":{"line":65,"column":23},"end":{"line":65,"column":41}},"line":65},"10":{"name":"(anonymous_10)","decl":{"start":{"line":66,"column":13},"end":{"line":66,"column":14}},"loc":{"start":{"line":67,"column":6},"end":{"line":67,"column":56}},"line":67},"11":{"name":"(anonymous_11)","decl":{"start":{"line":68,"column":16},"end":{"line":68,"column":17}},"loc":{"start":{"line":69,"column":6},"end":{"line":69,"column":56}},"line":69},"12":{"name":"(anonymous_12)","decl":{"start":{"line":70,"column":16},"end":{"line":70,"column":17}},"loc":{"start":{"line":71,"column":6},"end":{"line":71,"column":56}},"line":71}},"branchMap":{"0":{"loc":{"start":{"line":17,"column":2},"end":{"line":33,"column":3}},"type":"switch","locations":[{"start":{"line":18,"column":4},"end":{"line":20,"column":80}},{"start":{"line":21,"column":4},"end":{"line":26,"column":8}},{"start":{"line":27,"column":4},"end":{"line":28,"column":64}},{"start":{"line":29,"column":4},"end":{"line":30,"column":28}},{"start":{"line":31,"column":4},"end":{"line":32,"column":19}}],"line":17},"1":{"loc":{"start":{"line":23,"column":8},"end":{"line":25,"column":16}},"type":"cond-expr","locations":[{"start":{"line":24,"column":12},"end":{"line":24,"column":51}},{"start":{"line":25,"column":12},"end":{"line":25,"column":16}}],"line":23},"2":{"loc":{"start":{"line":47,"column":4},"end":{"line":59,"column":5}},"type":"if","locations":[{"start":{"line":47,"column":4},"end":{"line":59,"column":5}},{"start":{"line":47,"column":4},"end":{"line":59,"column":5}}],"line":47}},"s":{"0":1,"1":7,"2":3,"3":0,"4":3,"5":2,"6":1,"7":1,"8":1,"9":1,"10":0,"11":1,"12":13,"13":13,"14":13,"15":7,"16":1,"17":1,"18":1,"19":2,"20":1,"21":1,"22":13,"23":1,"24":3,"25":1,"26":2},"f":{"0":7,"1":0,"2":1,"3":1,"4":13,"5":7,"6":1,"7":1,"8":2,"9":1,"10":3,"11":1,"12":2},"b":{"0":[3,2,1,1,0],"1":[1,0],"2":[1,6]},"_coverageSchema":"43e27e138ebf9cfc5966b082cf9a028302ed4184","hash":"851e175219ec632597ed01b44f9d73699c034388"}
}
