TN:
SF:C:\Users\marko\repos\playground-react-todolist\src\AddTodo.tsx
FN:7,(anonymous_0)
FN:11,(anonymous_1)
FN:21,(anonymous_2)
FNF:3
FNH:3
FNDA:67,(anonymous_0)
FNDA:9,(anonymous_1)
FNDA:48,(anonymous_2)
DA:7,1
DA:8,67
DA:9,67
DA:12,9
DA:13,9
DA:14,9
DA:21,48
LF:7
LH:7
BRF:0
BRH:0
end_of_record
TN:
SF:C:\Users\marko\repos\playground-react-todolist\src\LoadFromApi.tsx
FN:8,(anonymous_0)
FNF:1
FNH:1
FNDA:19,(anonymous_0)
DA:8,1
DA:9,19
LF:2
LH:2
BRDA:13,0,0,2
BRDA:13,0,1,17
BRF:2
BRH:2
end_of_record
TN:
SF:C:\Users\marko\repos\playground-react-todolist\src\Stats.tsx
FN:8,(anonymous_0)
FN:9,(anonymous_1)
FNF:2
FNH:2
FNDA:19,(anonymous_0)
FNDA:27,(anonymous_1)
DA:8,1
DA:9,27
DA:10,19
LF:3
LH:3
BRF:0
BRH:0
end_of_record
TN:
SF:C:\Users\marko\repos\playground-react-todolist\src\Todo.ts
FNF:0
FNH:0
LF:0
LH:0
BRF:0
BRH:0
end_of_record
TN:
SF:C:\Users\marko\repos\playground-react-todolist\src\TodoApp.tsx
FN:10,(anonymous_0)
FNF:1
FNH:1
FNDA:19,(anonymous_0)
DA:10,1
DA:18,19
DA:19,19
LF:3
LH:3
BRF:0
BRH:0
end_of_record
TN:
SF:C:\Users\marko\repos\playground-react-todolist\src\TodoItem.tsx
FN:12,(anonymous_0)
FNF:1
FNH:1
FNDA:31,(anonymous_0)
DA:12,2
DA:13,31
DA:14,31
DA:15,4
DA:17,31
LF:5
LH:5
BRDA:14,0,0,4
BRDA:14,0,1,27
BRDA:19,1,0,4
BRDA:19,1,1,27
BRDA:20,2,0,4
BRDA:20,2,1,27
BRF:6
BRH:6
end_of_record
TN:
SF:C:\Users\marko\repos\playground-react-todolist\src\TodoList.tsx
FN:13,(anonymous_0)
FN:16,(anonymous_1)
FN:21,(anonymous_2)
FN:22,(anonymous_3)
FNF:4
FNH:4
FNDA:19,(anonymous_0)
FNDA:27,(anonymous_1)
FNDA:2,(anonymous_2)
FNDA:1,(anonymous_3)
DA:13,1
DA:14,19
DA:17,27
DA:21,2
DA:22,1
LF:5
LH:5
BRF:0
BRH:0
end_of_record
TN:
SF:C:\Users\marko\repos\playground-react-todolist\src\index.tsx
FNF:0
FNH:0
DA:7,0
DA:12,0
LF:2
LH:0
BRF:0
BRH:0
end_of_record
TN:
SF:C:\Users\marko\repos\playground-react-todolist\src\serviceWorker.ts
FN:28,register
FN:42,(anonymous_1)
FN:51,(anonymous_2)
FN:65,registerValidSW
FN:68,(anonymous_4)
FN:69,(anonymous_5)
FN:74,(anonymous_6)
FN:104,(anonymous_7)
FN:109,checkValidServiceWorker
FN:114,(anonymous_9)
FN:122,(anonymous_10)
FN:123,(anonymous_11)
FN:132,(anonymous_12)
FN:139,unregister
FN:142,(anonymous_14)
FN:145,(anonymous_15)
FNF:16
FNH:0
FNDA:0,register
FNDA:0,(anonymous_1)
FNDA:0,(anonymous_2)
FNDA:0,registerValidSW
FNDA:0,(anonymous_4)
FNDA:0,(anonymous_5)
FNDA:0,(anonymous_6)
FNDA:0,(anonymous_7)
FNDA:0,checkValidServiceWorker
FNDA:0,(anonymous_9)
FNDA:0,(anonymous_10)
FNDA:0,(anonymous_11)
FNDA:0,(anonymous_12)
FNDA:0,unregister
FNDA:0,(anonymous_14)
FNDA:0,(anonymous_15)
DA:13,0
DA:29,0
DA:31,0
DA:35,0
DA:39,0
DA:42,0
DA:43,0
DA:45,0
DA:47,0
DA:51,0
DA:52,0
DA:59,0
DA:66,0
DA:69,0
DA:70,0
DA:71,0
DA:72,0
DA:74,0
DA:75,0
DA:76,0
DA:80,0
DA:86,0
DA:87,0
DA:93,0
DA:96,0
DA:97,0
DA:105,0
DA:111,0
DA:116,0
DA:117,0
DA:122,0
DA:123,0
DA:124,0
DA:129,0
DA:133,0
DA:140,0
DA:141,0
DA:143,0
DA:146,0
LF:39
LH:0
BRDA:14,0,0,0
BRDA:14,0,1,0
BRDA:14,0,2,0
BRDA:29,1,0,0
BRDA:29,1,1,0
BRDA:29,2,0,0
BRDA:29,2,1,0
BRDA:35,3,0,0
BRDA:35,3,1,0
BRDA:45,4,0,0
BRDA:45,4,1,0
BRDA:71,5,0,0
BRDA:71,5,1,0
BRDA:75,6,0,0
BRDA:75,6,1,0
BRDA:76,7,0,0
BRDA:76,7,1,0
BRDA:86,8,0,0
BRDA:86,8,1,0
BRDA:86,9,0,0
BRDA:86,9,1,0
BRDA:96,10,0,0
BRDA:96,10,1,0
BRDA:96,11,0,0
BRDA:96,11,1,0
BRDA:117,12,0,0
BRDA:117,12,1,0
BRDA:118,13,0,0
BRDA:118,13,1,0
BRDA:118,13,2,0
BRDA:140,14,0,0
BRDA:140,14,1,0
BRF:32
BRH:0
end_of_record
TN:
SF:C:\Users\marko\repos\playground-react-todolist\src\useTodos.ts
FN:16,(anonymous_0)
FN:19,(anonymous_1)
FN:22,(anonymous_2)
FN:28,(anonymous_3)
FN:43,(anonymous_4)
FN:46,(anonymous_5)
FN:49,(anonymous_6)
FN:50,(anonymous_7)
FN:51,(anonymous_8)
FN:65,(anonymous_9)
FN:66,(anonymous_10)
FN:68,(anonymous_11)
FN:70,(anonymous_12)
FNF:13
FNH:13
FNDA:13,(anonymous_0)
FNDA:9,(anonymous_1)
FNDA:5,(anonymous_2)
FNDA:3,(anonymous_3)
FNDA:19,(anonymous_4)
FNDA:7,(anonymous_5)
FNDA:1,(anonymous_6)
FNDA:1,(anonymous_7)
FNDA:2,(anonymous_8)
FNDA:1,(anonymous_9)
FNDA:9,(anonymous_10)
FNDA:1,(anonymous_11)
FNDA:2,(anonymous_12)
DA:16,1
DA:17,13
DA:19,9
DA:20,9
DA:22,2
DA:23,5
DA:28,3
DA:30,1
DA:32,0
DA:43,1
DA:44,19
DA:45,19
DA:46,19
DA:47,7
DA:48,1
DA:49,1
DA:51,2
DA:56,1
DA:57,1
DA:62,19
DA:65,1
DA:67,9
DA:69,1
DA:71,2
LF:24
LH:23
BRDA:17,0,0,9
BRDA:17,0,1,2
BRDA:17,0,2,1
BRDA:17,0,3,1
BRDA:17,0,4,0
BRDA:23,1,0,1
BRDA:23,1,1,4
BRDA:47,2,0,1
BRDA:47,2,1,6
BRF:9
BRH:8
end_of_record
