TN:
SF:C:\Users\marko\repos\courses-exercises\react_todolist\react_todolist\src\AddTodo.tsx
FN:7,(anonymous_0)
FN:11,(anonymous_1)
FN:21,(anonymous_2)
FNF:3
FNH:3
FNDA:16,(anonymous_0)
FNDA:3,(anonymous_1)
FNDA:3,(anonymous_2)
DA:7,1
DA:8,16
DA:9,16
DA:12,3
DA:13,3
DA:14,3
DA:21,3
LF:7
LH:7
BRF:0
BRH:0
end_of_record
TN:
SF:C:\Users\marko\repos\courses-exercises\react_todolist\react_todolist\src\LoadFromApi.tsx
FN:8,(anonymous_0)
FNF:1
FNH:1
FNDA:13,(anonymous_0)
DA:8,1
DA:9,13
LF:2
LH:2
BRDA:13,0,0,2
BRDA:13,0,1,11
BRF:2
BRH:2
end_of_record
TN:
SF:C:\Users\marko\repos\courses-exercises\react_todolist\react_todolist\src\Stats.tsx
FN:8,(anonymous_0)
FN:9,(anonymous_1)
FNF:2
FNH:2
FNDA:13,(anonymous_0)
FNDA:8,(anonymous_1)
DA:8,1
DA:9,13
DA:10,13
LF:3
LH:3
BRF:0
BRH:0
end_of_record
TN:
SF:C:\Users\marko\repos\courses-exercises\react_todolist\react_todolist\src\TodoApp.tsx
FN:10,(anonymous_0)
FNF:1
FNH:1
FNDA:13,(anonymous_0)
DA:10,1
DA:18,13
DA:19,13
LF:3
LH:3
BRF:0
BRH:0
end_of_record
TN:
SF:C:\Users\marko\repos\courses-exercises\react_todolist\react_todolist\src\TodoItem.tsx
FN:12,(anonymous_0)
FNF:1
FNH:1
FNDA:10,(anonymous_0)
DA:12,2
DA:13,10
DA:14,10
DA:15,4
DA:17,10
LF:5
LH:5
BRDA:14,0,0,4
BRDA:14,0,1,6
BRDA:19,1,0,4
BRDA:19,1,1,6
BRDA:20,2,0,4
BRDA:20,2,1,6
BRF:6
BRH:6
end_of_record
TN:
SF:C:\Users\marko\repos\courses-exercises\react_todolist\react_todolist\src\TodoList.tsx
FN:13,(anonymous_0)
FN:16,(anonymous_1)
FN:21,(anonymous_2)
FN:22,(anonymous_3)
FNF:4
FNH:4
FNDA:13,(anonymous_0)
FNDA:8,(anonymous_1)
FNDA:2,(anonymous_2)
FNDA:1,(anonymous_3)
DA:13,1
DA:14,13
DA:17,8
DA:21,2
DA:22,1
LF:5
LH:5
BRF:0
BRH:0
end_of_record
TN:
SF:C:\Users\marko\repos\courses-exercises\react_todolist\react_todolist\src\useTodos.ts
FN:16,(anonymous_0)
FN:19,(anonymous_1)
FN:22,(anonymous_2)
FN:28,(anonymous_3)
FN:43,(anonymous_4)
FN:46,(anonymous_5)
FN:49,(anonymous_6)
FN:50,(anonymous_7)
FN:51,(anonymous_8)
FN:65,(anonymous_9)
FN:66,(anonymous_10)
FN:68,(anonymous_11)
FN:70,(anonymous_12)
FNF:13
FNH:12
FNDA:7,(anonymous_0)
FNDA:0,(anonymous_1)
FNDA:1,(anonymous_2)
FNDA:1,(anonymous_3)
FNDA:13,(anonymous_4)
FNDA:7,(anonymous_5)
FNDA:1,(anonymous_6)
FNDA:1,(anonymous_7)
FNDA:2,(anonymous_8)
FNDA:1,(anonymous_9)
FNDA:3,(anonymous_10)
FNDA:1,(anonymous_11)
FNDA:2,(anonymous_12)
DA:16,1
DA:17,7
DA:19,3
DA:20,3
DA:22,2
DA:23,1
DA:28,1
DA:30,1
DA:32,0
DA:43,1
DA:44,13
DA:45,13
DA:46,13
DA:47,7
DA:48,1
DA:49,1
DA:51,2
DA:56,1
DA:57,1
DA:62,13
DA:65,1
DA:67,3
DA:69,1
DA:71,2
LF:24
LH:23
BRDA:17,0,0,3
BRDA:17,0,1,2
BRDA:17,0,2,1
BRDA:17,0,3,1
BRDA:17,0,4,0
BRDA:23,1,0,1
BRDA:23,1,1,0
BRDA:47,2,0,1
BRDA:47,2,1,6
BRF:9
BRH:7
end_of_record
